\BOOKMARK [0][-]{section*.1}{Permission to Use}{}% 1
\BOOKMARK [0][-]{section*.4}{Abstract}{}% 2
\BOOKMARK [0][-]{section*.6}{Acknowledgements}{}% 3
\BOOKMARK [0][-]{section*.8}{Contents}{}% 4
\BOOKMARK [0][-]{section*.9}{List of Tables}{}% 5
\BOOKMARK [0][-]{section*.10}{List of Figures}{}% 6
\BOOKMARK [0][-]{section*.11}{List of Abbreviations}{}% 7
\BOOKMARK [0][-]{chapter.1}{Co-Authorship Statement}{}% 8
\BOOKMARK [0][-]{chapter.2}{Introduction}{}% 9
\BOOKMARK [1][-]{section.2.1}{Contribution}{chapter.2}% 10
\BOOKMARK [1][-]{section.2.2}{Thesis Organization}{chapter.2}% 11
\BOOKMARK [0][-]{chapter.3}{Background on Bayesian Inference}{}% 12
\BOOKMARK [1][-]{section.3.1}{Introduction}{chapter.3}% 13
\BOOKMARK [1][-]{section.3.2}{Multilevel Modelling}{chapter.3}% 14
\BOOKMARK [1][-]{section.3.3}{Markov Chain Monte Carlo}{chapter.3}% 15
\BOOKMARK [1][-]{section.3.4}{Model Evaluation and Selection}{chapter.3}% 16
\BOOKMARK [0][-]{chapter.4}{Related Work on Sports Analytics}{}% 17
\BOOKMARK [0][-]{chapter.5}{Methods}{}% 18
\BOOKMARK [1][-]{section.5.1}{Multilevel Model}{chapter.5}% 19
\BOOKMARK [2][-]{subsection.5.1.1}{Model Fit in PyMC3}{section.5.1}% 20
\BOOKMARK [1][-]{section.5.2}{Experiments}{chapter.5}% 21
\BOOKMARK [2][-]{subsection.5.2.1}{Data}{section.5.2}% 22
\BOOKMARK [2][-]{subsection.5.2.2}{Complete pooling, No pooling, and Partial pooling}{section.5.2}% 23
\BOOKMARK [2][-]{subsection.5.2.3}{Negative Binomial Regression}{section.5.2}% 24
\BOOKMARK [2][-]{subsection.5.2.4}{Inferring Home Advantage}{section.5.2}% 25
\BOOKMARK [0][-]{chapter.6}{Results}{}% 26
\BOOKMARK [1][-]{section.6.1}{Complete pooling, No pooling, Partial pooling}{chapter.6}% 27
\BOOKMARK [1][-]{section.6.2}{Negative Binomial Regression}{chapter.6}% 28
\BOOKMARK [1][-]{section.6.3}{Inferring Home Advantage}{chapter.6}% 29
\BOOKMARK [0][-]{chapter.7}{Discussion and Conclusions}{}% 30
\BOOKMARK [1][-]{section.7.1}{Discussion}{chapter.7}% 31
\BOOKMARK [1][-]{section.7.2}{Limitations}{chapter.7}% 32
\BOOKMARK [1][-]{section.7.3}{Conclusions}{chapter.7}% 33
\BOOKMARK [0][-]{section*.24}{References}{}% 34
\BOOKMARK [0][-]{Appendix.1.A}{Appendix Appendix}{}% 35
